[770203.519]  -> wl_display@1.get_registry(new id wl_registry@2)
[770203.591]  -> wl_display@1.sync(new id wl_callback@3)
[770203.722] wl_display@1.delete_id(3)
[770203.762] wl_registry@2.global(1, "wl_shm", 1)
[770203.817]  -> wl_registry@2.bind(1, "wl_shm", 1, new id [unknown]@4)
[770203.939]  -> wl_shm@4.create_pool(new id wl_shm_pool@5, fd 10, 2304)
[770204.157]  -> wl_shm_pool@5.resize(6912)
[770205.310]  -> wl_shm_pool@5.resize(16128)
[770205.355]  -> wl_shm_pool@5.resize(34560)
[770205.397]  -> wl_shm_pool@5.resize(71424)
[770205.452]  -> wl_shm_pool@5.resize(145152)
[770205.598]  -> wl_shm_pool@5.resize(292608)
[770207.127]  -> wl_shm_pool@5.resize(587520)
[770211.301]  -> wl_shm_pool@5.resize(1177344)
[770224.586] wl_registry@2.global(2, "wl_drm", 2)
[770224.657] wl_registry@2.global(3, "zwp_linux_dmabuf_v1", 3)
[770224.698] wl_registry@2.global(4, "wl_compositor", 4)
[770224.741]  -> wl_registry@2.bind(4, "wl_compositor", 3, new id [unknown]@6)
[770224.799] wl_registry@2.global(5, "wl_subcompositor", 1)
[770224.840]  -> wl_registry@2.bind(5, "wl_subcompositor", 1, new id [unknown]@7)
[770224.897] wl_registry@2.global(6, "wl_data_device_manager", 3)
[770224.938]  -> wl_registry@2.bind(6, "wl_data_device_manager", 3, new id [unknown]@8)
[770224.995] wl_registry@2.global(7, "zwlr_gamma_control_manager_v1", 1)
[770225.036] wl_registry@2.global(8, "gtk_primary_selection_device_manager", 1)
[770225.077]  -> wl_registry@2.bind(8, "gtk_primary_selection_device_manager", 1, new id [unknown]@9)
[770225.135] wl_registry@2.global(9, "zxdg_output_manager_v1", 3)
[770225.192]  -> wl_registry@2.bind(9, "zxdg_output_manager_v1", 3, new id [unknown]@10)
[770225.250]  -> wl_display@1.sync(new id wl_callback@11)
[770225.273] wl_registry@2.global(10, "org_kde_kwin_idle", 1)
[770225.313] wl_registry@2.global(11, "zwp_idle_inhibit_manager_v1", 1)
[770225.353] wl_registry@2.global(12, "zwlr_layer_shell_v1", 2)
[770225.392] wl_registry@2.global(13, "xdg_wm_base", 2)
[770225.432] wl_registry@2.global(14, "zwp_tablet_manager_v2", 1)
[770225.471]  -> wl_registry@2.bind(14, "zwp_tablet_manager_v2", 1, new id [unknown]@12)
[770225.527] wl_registry@2.global(15, "org_kde_kwin_server_decoration_manager", 1)
[770225.566]  -> wl_registry@2.bind(15, "org_kde_kwin_server_decoration_manager", 1, new id [unknown]@13)
[770225.622] wl_registry@2.global(16, "zxdg_decoration_manager_v1", 1)
[770225.662] wl_registry@2.global(17, "zwp_relative_pointer_manager_v1", 1)
[770225.702] wl_registry@2.global(18, "zwp_pointer_constraints_v1", 1)
[770225.742] wl_registry@2.global(19, "wp_presentation", 1)
[770225.781] wl_registry@2.global(20, "zwlr_output_manager_v1", 1)
[770225.828] wl_registry@2.global(21, "zwlr_output_power_manager_v1", 1)
[770225.872] wl_registry@2.global(22, "zwp_input_method_manager_v2", 1)
[770225.912] wl_registry@2.global(23, "zwp_text_input_manager_v3", 1)
[770225.951] wl_registry@2.global(24, "zwlr_foreign_toplevel_manager_v1", 2)
[770225.990] wl_registry@2.global(25, "zwlr_export_dmabuf_manager_v1", 1)
[770226.030] wl_registry@2.global(26, "zwlr_screencopy_manager_v1", 3)
[770226.069] wl_registry@2.global(27, "zwlr_data_control_manager_v1", 2)
[770226.108] wl_registry@2.global(28, "zwp_primary_selection_device_manager_v1", 1)
[770226.148]  -> wl_registry@2.bind(28, "zwp_primary_selection_device_manager_v1", 1, new id [unknown]@14)
[770226.203] wl_registry@2.global(29, "wp_viewporter", 1)
[770226.242] wl_registry@2.global(30, "zwp_virtual_keyboard_manager_v1", 1)
[770226.282] wl_registry@2.global(31, "zwlr_virtual_pointer_manager_v1", 2)
[770226.322] wl_registry@2.global(32, "zwlr_input_inhibit_manager_v1", 1)
[770226.362] wl_registry@2.global(33, "zwp_keyboard_shortcuts_inhibit_manager_v1", 1)
[770226.401]  -> wl_registry@2.bind(33, "zwp_keyboard_shortcuts_inhibit_manager_v1", 1, new id [unknown]@15)
[770226.456] wl_registry@2.global(34, "wl_seat", 7)
[770226.496]  -> wl_registry@2.bind(34, "wl_seat", 5, new id [unknown]@16)
[770228.719]  -> wl_compositor@6.create_surface(new id wl_surface@17)
[770228.776]  -> zwp_primary_selection_device_manager_v1@14.get_device(new id zwp_primary_selection_device_v1@18, wl_seat@16)
[770228.827]  -> wl_data_device_manager@8.get_data_device(new id wl_data_device@19, wl_seat@16)
[770228.936]  -> wl_compositor@6.create_surface(new id wl_surface@20)
[770228.963]  -> zwp_tablet_manager_v2@12.get_tablet_seat(new id zwp_tablet_seat_v2@21, wl_seat@16)
[770228.998]  -> wl_display@1.sync(new id wl_callback@22)
[770229.023] wl_registry@2.global(35, "zwp_pointer_gestures_v1", 1)
[770229.065]  -> wl_registry@2.bind(35, "zwp_pointer_gestures_v1", 1, new id [unknown]@23)
[770229.121] wl_registry@2.global(36, "wl_output", 3)
[770229.161]  -> wl_registry@2.bind(36, "wl_output", 2, new id [unknown]@24)
[770229.260]  -> zxdg_output_manager_v1@10.get_xdg_output(new id zxdg_output_v1@25, wl_output@24)
[770229.295]  -> wl_display@1.sync(new id wl_callback@26)
[770229.318] wl_callback@3.done(22947)
[770229.516] wl_display@1.delete_id(11)
[770229.543] wl_display@1.delete_id(22)
[770229.561] wl_display@1.delete_id(26)
[770229.578] wl_shm@4.format(0)
[770229.595] wl_shm@4.format(1)
[770229.612] wl_shm@4.format(875709016)
[770229.629] wl_shm@4.format(875708993)
[770229.646] wl_callback@11.done(22947)
[770229.664] org_kde_kwin_server_decoration_manager@13.default_mode(2)
[770229.683] wl_seat@16.name("seat0")
[770229.701] wl_seat@16.capabilities(3)
[770229.718]  -> wl_seat@16.get_pointer(new id wl_pointer@11)
[770229.753]  -> zwp_pointer_gestures_v1@23.get_swipe_gesture(new id zwp_pointer_gesture_swipe_v1@3, wl_pointer@11)
[770229.788]  -> zwp_pointer_gestures_v1@23.get_pinch_gesture(new id zwp_pointer_gesture_pinch_v1@27, wl_pointer@11)
[770229.821]  -> wl_seat@16.get_keyboard(new id wl_keyboard@28)
[770229.850] wl_callback@22.done(22947)
[770229.868] wl_output@24.geometry(0, 0, 290, 160, 0, "Unknown", "0x5B2D", 0)
[770229.963] wl_output@24.mode(1, 1920, 1080, 60033)
[770230.013] wl_output@24.scale(1)
[770230.030] wl_output@24.done()
[770230.047] zxdg_output_v1@25.name("eDP-1")
[770230.065] zxdg_output_v1@25.description("Unknown 0x5B2D 0x00000000 (eDP-1)")
[770230.082] zxdg_output_v1@25.logical_position(0, 0)
[770230.122] zxdg_output_v1@25.logical_size(1920, 1080)
[770230.149] wl_output@24.done()
[770230.162] wl_callback@26.done(22947)
[770230.180]  -> wl_registry@2.bind(13, "xdg_wm_base", 1, new id [unknown]@26)
[770288.396]  -> wl_display@1.get_registry(new id wl_registry@22)
[770349.907]  -> wl_compositor@6.create_surface(new id wl_surface@29)
[770350.911]  -> wl_compositor@6.create_surface(new id wl_surface@30)
[770350.953]  -> wl_compositor@6.create_surface(new id wl_surface@31)
[770350.983]  -> wl_compositor@6.create_surface(new id wl_surface@32)
[770351.012]  -> wl_compositor@6.create_surface(new id wl_surface@33)
[770351.041]  -> wl_compositor@6.create_surface(new id wl_surface@34)
[770351.072]  -> wl_compositor@6.create_surface(new id wl_surface@35)
[770351.101]  -> wl_compositor@6.create_surface(new id wl_surface@36)
[770351.130]  -> wl_compositor@6.create_surface(new id wl_surface@37)
[770351.685]  -> xdg_wm_base@26.get_xdg_surface(new id xdg_surface@38, wl_surface@29)
[770351.723]  -> xdg_surface@38.get_toplevel(new id xdg_toplevel@39)
[770351.745]  -> xdg_toplevel@39.set_parent(nil)
[770351.761]  -> xdg_toplevel@39.set_title("gedit")
[770351.778]  -> xdg_toplevel@39.set_maximized()
[770351.789]  -> xdg_toplevel@39.set_app_id("gedit")
[770351.806]  -> wl_surface@29.commit()
[770351.818]  -> org_kde_kwin_server_decoration_manager@13.create(new id org_kde_kwin_server_decoration@40, wl_surface@29)
[770351.850]  -> org_kde_kwin_server_decoration@40.request_mode(1)
[770415.242]  -> xdg_toplevel@39.set_title("abc.txt (~/code/wayland-debug) - gedit")
[770418.414]  -> xdg_toplevel@39.set_title("*abc.txt (~/code/wayland-debug) - gedit")
[770420.513]  -> xdg_toplevel@39.set_title("abc.txt (~/code/wayland-debug) - gedit")
[770422.082] wl_keyboard@28.keymap(1, fd 14, 47346)
[770423.384] wl_keyboard@28.repeat_info(25, 600)
[770423.421] wl_registry@22.global(1, "wl_shm", 1)
[770423.461] wl_registry@22.global(2, "wl_drm", 2)
[770423.498] wl_registry@22.global(3, "zwp_linux_dmabuf_v1", 3)
[770423.550] wl_registry@22.global(4, "wl_compositor", 4)
[770423.588] wl_registry@22.global(5, "wl_subcompositor", 1)
[770423.626] wl_registry@22.global(6, "wl_data_device_manager", 3)
[770423.663] wl_registry@22.global(7, "zwlr_gamma_control_manager_v1", 1)
[770423.701] wl_registry@22.global(8, "gtk_primary_selection_device_manager", 1)
[770423.738] wl_registry@22.global(9, "zxdg_output_manager_v1", 3)
[770423.776] wl_registry@22.global(10, "org_kde_kwin_idle", 1)
[770423.814] wl_registry@22.global(11, "zwp_idle_inhibit_manager_v1", 1)
[770423.851] wl_registry@22.global(12, "zwlr_layer_shell_v1", 2)
[770423.889] wl_registry@22.global(13, "xdg_wm_base", 2)
[770423.927] wl_registry@22.global(14, "zwp_tablet_manager_v2", 1)
[770423.964] wl_registry@22.global(15, "org_kde_kwin_server_decoration_manager", 1)
[770424.002] wl_registry@22.global(16, "zxdg_decoration_manager_v1", 1)
[770424.039] wl_registry@22.global(17, "zwp_relative_pointer_manager_v1", 1)
[770424.077] wl_registry@22.global(18, "zwp_pointer_constraints_v1", 1)
[770424.115] wl_registry@22.global(19, "wp_presentation", 1)
[770424.153] wl_registry@22.global(20, "zwlr_output_manager_v1", 1)
[770424.191] wl_registry@22.global(21, "zwlr_output_power_manager_v1", 1)
[770424.228] wl_registry@22.global(22, "zwp_input_method_manager_v2", 1)
[770424.267] wl_registry@22.global(23, "zwp_text_input_manager_v3", 1)
[770424.306]  -> wl_registry@22.bind(23, "zwp_text_input_manager_v3", 1, new id [unknown]@41)
[770424.362]  -> zwp_text_input_manager_v3@41.get_text_input(new id zwp_text_input_v3@42, wl_seat@16)
[770424.396] wl_registry@22.global(24, "zwlr_foreign_toplevel_manager_v1", 2)
[770424.434] wl_registry@22.global(25, "zwlr_export_dmabuf_manager_v1", 1)
[770424.484] wl_registry@22.global(26, "zwlr_screencopy_manager_v1", 3)
[770424.524] wl_registry@22.global(27, "zwlr_data_control_manager_v1", 2)
[770424.565] wl_registry@22.global(28, "zwp_primary_selection_device_manager_v1", 1)
[770424.605] wl_registry@22.global(29, "wp_viewporter", 1)
[770424.643] wl_registry@22.global(30, "zwp_virtual_keyboard_manager_v1", 1)
[770424.682] wl_registry@22.global(31, "zwlr_virtual_pointer_manager_v1", 2)
[770424.721] wl_registry@22.global(32, "zwlr_input_inhibit_manager_v1", 1)
[770424.760] wl_registry@22.global(33, "zwp_keyboard_shortcuts_inhibit_manager_v1", 1)
[770424.799] wl_registry@22.global(34, "wl_seat", 7)
[770424.837] wl_registry@22.global(35, "zwp_pointer_gestures_v1", 1)
[770424.877] wl_registry@22.global(36, "wl_output", 3)
[770424.918] xdg_wm_base@26.ping(22953)
[770424.938]  -> xdg_wm_base@26.pong(22953)
[770424.956] org_kde_kwin_server_decoration@40.mode(2)
[770424.976]  -> org_kde_kwin_server_decoration@40.request_mode(1)
[770424.995] org_kde_kwin_server_decoration@40.mode(1)
[770425.013] xdg_toplevel@39.configure(0, 0, array)
[770425.055] xdg_surface@38.configure(22952)
[770425.089]  -> xdg_surface@38.ack_configure(22952)
[770438.880]  -> xdg_toplevel@39.set_min_size(400, 120)
[770438.937]  -> xdg_toplevel@39.set_max_size(0, 0)
[770439.757]  -> wl_shm@4.create_pool(new id wl_shm_pool@43, fd 15, 8471712)
[770439.810]  -> wl_shm_pool@43.create_buffer(new id wl_buffer@44, 0, 1972, 1074, 7888, 0)
[770448.801]  -> wl_surface@29.attach(wl_buffer@44, 0, 0)
[770448.871]  -> wl_surface@29.set_buffer_scale(1)
[770448.888]  -> wl_surface@29.damage(0, 0, 1972, 1074)
[770448.937]  -> xdg_toplevel@39.set_min_size(400, 120)
[770448.964]  -> xdg_toplevel@39.set_max_size(0, 0)
[770448.991]  -> xdg_surface@38.set_window_geometry(26, 23, 1920, 1022)
[770449.040]  -> wl_compositor@6.create_region(new id wl_region@45)
[770449.063]  -> wl_region@45.add(26, 23, 1920, 1022)
[770449.111]  -> wl_surface@29.set_opaque_region(wl_region@45)
[770449.127]  -> wl_region@45.destroy()
[770449.139]  -> wl_compositor@6.create_region(new id wl_region@46)
[770449.161]  -> wl_region@46.add(16, 13, 1940, 1042)
[770449.209]  -> wl_surface@29.set_input_region(wl_region@46)
[770449.226]  -> wl_region@46.destroy()
[770449.249]  -> wl_surface@29.frame(new id wl_callback@47)
[770449.284]  -> wl_surface@29.commit()
[770454.819] wl_display@1.delete_id(45)
[770454.872] wl_display@1.delete_id(46)
[770454.894] wl_display@1.delete_id(47)
[770454.915] wl_buffer@44.release()
[770454.931] wl_keyboard@28.enter(22957, wl_surface@29, array)
[770454.984] wl_keyboard@28.modifiers(22958, 0, 0, 0, 0)
[770455.072] wl_data_device@19.data_offer(new id wl_data_offer@529381776)
[770455.106] wl_data_offer@4278190080.offer("UTF8_STRING")
[770455.130] wl_data_offer@4278190080.offer("COMPOUND_TEXT")
[770455.152] wl_data_offer@4278190080.offer("TEXT")
[770455.174] wl_data_offer@4278190080.offer("STRING")
[770455.197] wl_data_offer@4278190080.offer("text/plain;charset=utf-8")
[770455.221] wl_data_offer@4278190080.offer("text/plain")
[770455.243] wl_data_offer@4278190080.offer("SAVE_TARGETS")
[770455.267] wl_data_device@19.selection(wl_data_offer@4278190080)
[770455.296] zwp_primary_selection_device_v1@18.selection(nil)
[770455.323] wl_callback@47.done(9214178)
[770455.352] xdg_toplevel@39.configure(1920, 1022, array)
[770455.402] xdg_surface@38.configure(22954)
[770455.432]  -> xdg_surface@38.ack_configure(22954)
[770462.169]  -> xdg_toplevel@39.set_min_size(348, 68)
[770462.236]  -> xdg_toplevel@39.set_max_size(0, 0)
[770462.273]  -> wl_buffer@44.destroy()
[770462.287]  -> wl_shm_pool@43.destroy()
[770462.471]  -> wl_surface@29.set_buffer_scale(1)
[770462.847]  -> wl_shm@4.create_pool(new id wl_shm_pool@47, fd 15, 7848960)
[770462.899]  -> wl_shm_pool@47.create_buffer(new id wl_buffer@46, 0, 1920, 1022, 7680, 0)
[770468.351]  -> wl_surface@29.attach(wl_buffer@46, 0, 0)
[770468.422]  -> wl_surface@29.set_buffer_scale(1)
[770468.440]  -> wl_surface@29.damage(0, 0, 1920, 1022)
[770468.503]  -> xdg_toplevel@39.set_min_size(400, 120)
[770468.530]  -> xdg_toplevel@39.set_max_size(0, 0)
[770468.558]  -> xdg_surface@38.set_window_geometry(0, 0, 1920, 1022)
[770468.606]  -> wl_compositor@6.create_region(new id wl_region@45)
[770468.629]  -> wl_region@45.add(0, 0, 1972, 1074)
[770468.676]  -> wl_surface@29.set_opaque_region(wl_region@45)
[770468.693]  -> wl_region@45.destroy()
[770468.705]  -> wl_compositor@6.create_region(new id wl_region@48)
[770468.727]  -> wl_region@48.add(-10, -10, 1992, 1094)
[770468.774]  -> wl_surface@29.set_input_region(wl_region@48)
[770468.791]  -> wl_region@48.destroy()
[770468.814]  -> wl_surface@29.frame(new id wl_callback@49)
[770468.837]  -> wl_surface@29.commit()
[770473.470] wl_display@1.delete_id(44)
[770473.527] wl_display@1.delete_id(43)
[770473.548] wl_display@1.delete_id(45)
[770473.568] wl_display@1.delete_id(48)
[770473.589] wl_buffer@46.release()
[770473.606] wl_surface@29.enter(wl_output@24)
[770473.631] wl_pointer@11.enter(22960, wl_surface@29, 97.179688, 60.523438)
[770473.684] wl_pointer@11.frame()
[770473.709]  -> wl_shm_pool@5.create_buffer(new id wl_buffer@48, 1057536, 24, 24, 96, 0)
[770473.786]  -> wl_pointer@11.set_cursor(22960, wl_surface@20, 11, 12)
[770473.836]  -> wl_surface@20.attach(wl_buffer@48, 0, 0)
[770473.875]  -> wl_surface@20.set_buffer_scale(1)
[770473.893]  -> wl_surface@20.damage(0, 0, 24, 24)
[770473.941]  -> wl_surface@20.commit()
[770474.562] wl_surface@20.enter(wl_output@24)
[770474.595]  -> wl_pointer@11.set_cursor(22960, wl_surface@20, 11, 12)
[770474.644]  -> wl_surface@20.attach(wl_buffer@48, 0, 0)
[770474.682]  -> wl_surface@20.set_buffer_scale(1)
[770474.698]  -> wl_surface@20.damage(0, 0, 24, 24)
[770474.746]  -> wl_surface@20.commit()
[770475.768] wl_display@1.delete_id(49)
[770475.793] wl_callback@49.done(9214199)
[770480.463]  -> wl_surface@29.attach(wl_buffer@46, 0, 0)
[770480.543]  -> wl_surface@29.set_buffer_scale(1)
[770480.561]  -> wl_surface@29.damage(0, 0, 1920, 1022)
[770480.609]  -> xdg_toplevel@39.set_min_size(400, 120)
[770480.637]  -> xdg_toplevel@39.set_max_size(0, 0)
[770480.664]  -> xdg_surface@38.set_window_geometry(0, 0, 1920, 1022)
[770480.712]  -> wl_compositor@6.create_region(new id wl_region@49)
[770480.735]  -> wl_region@49.add(0, 0, 1920, 1022)
[770480.782]  -> wl_surface@29.set_opaque_region(wl_region@49)
[770480.799]  -> wl_region@49.destroy()
[770480.823]  -> wl_compositor@6.create_region(new id wl_region@45)
[770480.846]  -> wl_region@45.add(-10, -10, 1940, 1042)
[770480.894]  -> wl_surface@29.set_input_region(wl_region@45)
[770480.911]  -> wl_region@45.destroy()
[770480.933]  -> wl_surface@29.frame(new id wl_callback@43)
[770480.956]  -> wl_surface@29.commit()
[770481.783] wl_display@1.delete_id(49)
[770481.808] wl_display@1.delete_id(45)
[770481.825] wl_buffer@46.release()
[770492.657] wl_display@1.delete_id(43)
[770492.704] wl_callback@43.done(9214216)
[770858.299]  -> wl_surface@29.attach(wl_buffer@46, 0, 0)
[770858.753]  -> wl_surface@29.set_buffer_scale(1)
[770858.863]  -> wl_surface@29.damage(25, 47, 3, 18)
[770859.149]  -> xdg_toplevel@39.set_min_size(400, 120)
[770859.311]  -> xdg_toplevel@39.set_max_size(0, 0)
[770859.472]  -> xdg_surface@38.set_window_geometry(0, 0, 1920, 1022)
[770859.758]  -> wl_compositor@6.create_region(new id wl_region@43)
[770859.891]  -> wl_region@43.add(-10, -10, 1940, 1042)
[770860.174]  -> wl_surface@29.set_input_region(wl_region@43)
[770860.283]  -> wl_region@43.destroy()
[770860.383]  -> wl_surface@29.frame(new id wl_callback@45)
[770860.588]  -> wl_surface@29.commit()
[770861.892] wl_display@1.delete_id(43)
[770862.023] wl_display@1.delete_id(45)
[770862.112] wl_buffer@46.release()
[770862.174] wl_callback@45.done(9214585)
[771258.250]  -> wl_surface@29.attach(wl_buffer@46, 0, 0)
[771258.341]  -> wl_surface@29.set_buffer_scale(1)
[771258.360]  -> wl_surface@29.damage(25, 47, 3, 18)
[771258.412]  -> xdg_toplevel@39.set_min_size(400, 120)
[771258.440]  -> xdg_toplevel@39.set_max_size(0, 0)
[771258.467]  -> xdg_surface@38.set_window_geometry(0, 0, 1920, 1022)
[771258.525]  -> wl_surface@29.frame(new id wl_callback@45)
[771258.548]  -> wl_surface@29.commit()
[771258.966] wl_display@1.delete_id(45)
[771258.992] wl_buffer@46.release()
[771259.004] wl_callback@45.done(9214983)
[771357.795] wl_pointer@11.button(22961, 9215081, 272, 1)
[771357.868] wl_pointer@11.frame()
[771358.654]  -> wl_surface@29.attach(wl_buffer@46, 0, 0)
[771358.707]  -> wl_surface@29.set_buffer_scale(1)
[771358.725]  -> wl_surface@29.damage(0, 47, 1920, 19)
[771358.773]  -> wl_surface@29.damage(1666, 996, 162, 24)
[771358.821]  -> xdg_toplevel@39.set_min_size(400, 120)
[771358.849]  -> xdg_toplevel@39.set_max_size(0, 0)
[771358.876]  -> xdg_surface@38.set_window_geometry(0, 0, 1920, 1022)
[771358.925]  -> wl_compositor@6.create_region(new id wl_region@45)
[771358.947]  -> wl_region@45.add(-10, -10, 1940, 1042)
[771358.995]  -> wl_surface@29.set_input_region(wl_region@45)
[771359.012]  -> wl_region@45.destroy()
[771359.032]  -> wl_surface@29.frame(new id wl_callback@43)
[771359.056]  -> wl_surface@29.commit()
[771359.565] wl_display@1.delete_id(45)
[771359.591] wl_display@1.delete_id(43)
[771359.608] wl_buffer@46.release()
[771359.620] wl_callback@43.done(9215083)
[771450.015] wl_pointer@11.button(22962, 9215174, 272, 0)
[771450.090] wl_pointer@11.frame()
[771521.261] wl_pointer@11.button(22963, 9215245, 272, 1)
[771521.666] wl_pointer@11.frame()
[771522.552]  -> wl_compositor@6.create_surface(new id wl_surface@43)
[771522.984]  -> zwp_primary_selection_device_manager_v1@14.create_source(new id zwp_primary_selection_source_v1@45)
[771523.125]  -> zwp_primary_selection_source_v1@45.offer("GTK_TEXT_BUFFER_CONTENTS")
[771523.215]  -> zwp_primary_selection_source_v1@45.offer("application/x-gtk-text-buffer-rich-text")
[771523.303]  -> zwp_primary_selection_source_v1@45.offer("UTF8_STRING")
[771523.390]  -> zwp_primary_selection_source_v1@45.offer("COMPOUND_TEXT")
[771523.476]  -> zwp_primary_selection_source_v1@45.offer("TEXT")
[771523.562]  -> zwp_primary_selection_source_v1@45.offer("STRING")
[771523.648]  -> zwp_primary_selection_source_v1@45.offer("text/plain;charset=utf-8")
[771523.734]  -> zwp_primary_selection_source_v1@45.offer("text/plain")
[771523.821]  -> zwp_primary_selection_device_v1@18.set_selection(zwp_primary_selection_source_v1@45, 22963)
[771524.662]  -> zwp_primary_selection_source_v1@45.destroy()
[771524.778]  -> zwp_primary_selection_device_manager_v1@14.create_source(new id zwp_primary_selection_source_v1@49)
[771524.955]  -> zwp_primary_selection_source_v1@49.offer("GTK_TEXT_BUFFER_CONTENTS")
[771525.044]  -> zwp_primary_selection_source_v1@49.offer("application/x-gtk-text-buffer-rich-text")
[771525.131]  -> zwp_primary_selection_source_v1@49.offer("UTF8_STRING")
[771525.217]  -> zwp_primary_selection_source_v1@49.offer("COMPOUND_TEXT")
[771525.304]  -> zwp_primary_selection_source_v1@49.offer("TEXT")
[771525.390]  -> zwp_primary_selection_source_v1@49.offer("STRING")
[771525.476]  -> zwp_primary_selection_source_v1@49.offer("text/plain;charset=utf-8")
[771525.562]  -> zwp_primary_selection_source_v1@49.offer("text/plain")
[771525.649]  -> zwp_primary_selection_device_v1@18.set_selection(zwp_primary_selection_source_v1@49, 22963)
[771527.277]  -> wl_surface@29.attach(wl_buffer@46, 0, 0)
[771527.322]  -> wl_surface@29.set_buffer_scale(1)
[771527.339]  -> wl_surface@29.damage(0, 47, 1920, 19)
[771527.387]  -> wl_surface@29.damage(1666, 996, 162, 24)
[771527.436]  -> xdg_toplevel@39.set_min_size(400, 120)
[771527.463]  -> xdg_toplevel@39.set_max_size(0, 0)
[771527.490]  -> xdg_surface@38.set_window_geometry(0, 0, 1920, 1022)
[771527.539]  -> wl_compositor@6.create_region(new id wl_region@44)
[771527.561]  -> wl_region@44.add(-10, -10, 1940, 1042)
[771527.609]  -> wl_surface@29.set_input_region(wl_region@44)
[771527.626]  -> wl_region@44.destroy()
[771527.646]  -> wl_surface@29.frame(new id wl_callback@50)
[771527.669]  -> wl_surface@29.commit()
[771527.702] wl_display@1.delete_id(45)
[771527.722] zwp_primary_selection_device_v1@18.data_offer(new id zwp_primary_selection_offer_v1@529305856)
[771527.745] zwp_primary_selection_offer_v1@4278190081.offer("GTK_TEXT_BUFFER_CONTENTS")
[771527.762] zwp_primary_selection_offer_v1@4278190081.offer("application/x-gtk-text-buffer-rich-text")
[771527.779] zwp_primary_selection_offer_v1@4278190081.offer("UTF8_STRING")
[771527.796] zwp_primary_selection_offer_v1@4278190081.offer("COMPOUND_TEXT")
[771527.813] zwp_primary_selection_offer_v1@4278190081.offer("TEXT")
[771527.829] zwp_primary_selection_offer_v1@4278190081.offer("STRING")
[771527.846] zwp_primary_selection_offer_v1@4278190081.offer("text/plain;charset=utf-8")
[771527.863] zwp_primary_selection_offer_v1@4278190081.offer("text/plain")
[771527.880] zwp_primary_selection_device_v1@18.selection(zwp_primary_selection_offer_v1@4278190081)
[771527.900] zwp_primary_selection_device_v1@18.selection(nil)
[771527.917]  -> zwp_primary_selection_offer_v1@4278190081.destroy()
[771527.930] zwp_primary_selection_device_v1@18.data_offer(new id zwp_primary_selection_offer_v1@514195440)
[771527.952] zwp_primary_selection_offer_v1@4278190082.offer("GTK_TEXT_BUFFER_CONTENTS")
[771527.969] zwp_primary_selection_offer_v1@4278190082.offer("application/x-gtk-text-buffer-rich-text")
[771527.986] zwp_primary_selection_offer_v1@4278190082.offer("UTF8_STRING")
[771528.003] zwp_primary_selection_offer_v1@4278190082.offer("COMPOUND_TEXT")
[771528.019] zwp_primary_selection_offer_v1@4278190082.offer("TEXT")
[771528.036] zwp_primary_selection_offer_v1@4278190082.offer("STRING")
[771528.053] zwp_primary_selection_offer_v1@4278190082.offer("text/plain;charset=utf-8")
[771528.071] zwp_primary_selection_offer_v1@4278190082.offer("text/plain")
[771528.090] zwp_primary_selection_device_v1@18.selection(zwp_primary_selection_offer_v1@4278190082)
[771528.123] wl_display@1.delete_id(44)
[771528.142] wl_display@1.delete_id(50)
[771528.158] wl_buffer@46.release()
[771528.170] wl_callback@50.done(9215252)
[771649.162] wl_pointer@11.button(22964, 9215373, 272, 0)
[771649.577] wl_pointer@11.frame()
[772059.481]  -> wl_surface@29.attach(wl_buffer@46, 0, 0)
[772059.911]  -> wl_surface@29.set_buffer_scale(1)
[772060.069]  -> wl_surface@29.damage(52, 47, 3, 18)
[772060.370]  -> xdg_toplevel@39.set_min_size(400, 120)
[772060.572]  -> xdg_toplevel@39.set_max_size(0, 0)
[772060.733]  -> xdg_surface@38.set_window_geometry(0, 0, 1920, 1022)
[772061.061]  -> wl_surface@29.frame(new id wl_callback@50)
[772061.271]  -> wl_surface@29.commit()
[772062.703] wl_display@1.delete_id(50)
[772062.851] wl_buffer@46.release()
[772062.923] wl_callback@50.done(9215786)
[772124.392] wl_keyboard@28.key(22965, 9215848, 125, 1)
[772124.961] wl_keyboard@28.modifiers(22966, 64, 0, 0, 0)
[772143.619]  -> wl_surface@29.attach(wl_buffer@46, 0, 0)
[772143.871]  -> wl_surface@29.set_buffer_scale(1)
[772143.963]  -> wl_surface@29.damage(0, 47, 1920, 18)
[772144.214]  -> xdg_toplevel@39.set_min_size(400, 120)
[772144.357]  -> xdg_toplevel@39.set_max_size(0, 0)
[772144.525]  -> xdg_surface@38.set_window_geometry(0, 0, 1920, 1022)
[772144.810]  -> wl_surface@29.frame(new id wl_callback@50)
[772144.932]  -> wl_surface@29.commit()
[772146.205] wl_display@1.delete_id(50)
[772146.336] wl_buffer@46.release()
[772146.399] wl_callback@50.done(9215870)
[772218.509] xdg_toplevel@39.close()
[772219.381]  -> zwp_primary_selection_source_v1@49.destroy()
[772221.573]  -> xdg_toplevel@39.set_title("gedit")
[772258.684]  -> wl_surface@31.destroy()
[772259.010]  -> wl_surface@30.destroy()
[772262.113]  -> wl_surface@32.destroy()
[772262.170]  -> wl_surface@33.destroy()
[772262.195]  -> wl_surface@34.destroy()
[772262.219]  -> wl_surface@35.destroy()
[772262.243]  -> wl_surface@36.destroy()
[772262.267]  -> wl_surface@37.destroy()
[772262.299]  -> xdg_toplevel@39.destroy()
[772262.323]  -> xdg_surface@38.destroy()
[772262.347]  -> org_kde_kwin_server_decoration@40.release()
[772262.370]  -> wl_surface@29.destroy()
[772262.396]  -> wl_buffer@46.destroy()
[772262.420]  -> wl_shm_pool@47.destroy()
