[2693726,254]  -> wl_display@1.get_registry(new id wl_registry@2)
[2693726,286]  -> wl_display@1.sync(new id wl_callback@3)
[2693726,435] wl_display@1.delete_id(3)
[2693726,453] wl_registry@2.global(1, "wl_shm", 1)
[2693726,465]  -> wl_registry@2.bind(1, "wl_shm", 1, new id [unknown]@4)
[2693726,479] wl_registry@2.global(2, "wl_drm", 2)
[2693726,493] wl_registry@2.global(3, "zwp_linux_dmabuf_v1", 3)
[2693726,501] wl_registry@2.global(4, "wl_compositor", 4)
[2693726,512]  -> wl_registry@2.bind(4, "wl_compositor", 3, new id [unknown]@5)
[2693726,523] wl_registry@2.global(5, "wl_subcompositor", 1)
[2693726,532]  -> wl_registry@2.bind(5, "wl_subcompositor", 1, new id [unknown]@6)
[2693726,546] wl_registry@2.global(6, "wl_data_device_manager", 3)
[2693726,557]  -> wl_registry@2.bind(6, "wl_data_device_manager", 3, new id [unknown]@7)
[2693726,570] wl_registry@2.global(7, "zwlr_gamma_control_manager_v1", 1)
[2693726,579] wl_registry@2.global(8, "gtk_primary_selection_device_manager", 1)
[2693726,588] wl_registry@2.global(9, "zxdg_output_manager_v1", 3)
[2693726,602] wl_registry@2.global(10, "org_kde_kwin_idle", 1)
[2693726,615] wl_registry@2.global(11, "zwp_idle_inhibit_manager_v1", 1)
[2693726,627] wl_registry@2.global(12, "zwlr_layer_shell_v1", 2)
[2693726,641] wl_registry@2.global(13, "xdg_wm_base", 2)
[2693726,651]  -> wl_registry@2.bind(13, "xdg_wm_base", 1, new id [unknown]@8)
[2693726,666] wl_registry@2.global(14, "zwp_tablet_manager_v2", 1)
[2693726,678] wl_registry@2.global(15, "org_kde_kwin_server_decoration_manager", 1)
[2693726,690] wl_registry@2.global(16, "zxdg_decoration_manager_v1", 1)
[2693726,703] wl_registry@2.global(17, "zwp_relative_pointer_manager_v1", 1)
[2693726,717]  -> wl_registry@2.bind(17, "zwp_relative_pointer_manager_v1", 1, new id [unknown]@9)
[2693726,733] wl_registry@2.global(18, "zwp_pointer_constraints_v1", 1)
[2693726,747]  -> wl_registry@2.bind(18, "zwp_pointer_constraints_v1", 1, new id [unknown]@10)
[2693726,763] wl_registry@2.global(19, "wp_presentation", 1)
[2693726,775] wl_registry@2.global(20, "zwlr_output_manager_v1", 2)
[2693726,787] wl_registry@2.global(21, "zwlr_output_power_manager_v1", 1)
[2693726,798] wl_registry@2.global(22, "zwp_input_method_manager_v2", 1)
[2693726,810] wl_registry@2.global(23, "zwp_text_input_manager_v3", 1)
[2693726,824] wl_registry@2.global(24, "zwlr_foreign_toplevel_manager_v1", 3)
[2693726,837] wl_registry@2.global(25, "zwlr_export_dmabuf_manager_v1", 1)
[2693726,849] wl_registry@2.global(26, "zwlr_screencopy_manager_v1", 3)
[2693726,862] wl_registry@2.global(27, "zwlr_data_control_manager_v1", 2)
[2693726,873] wl_registry@2.global(28, "zwp_primary_selection_device_manager_v1", 1)
[2693726,886] wl_registry@2.global(29, "wp_viewporter", 1)
[2693726,898]  -> wl_registry@2.bind(29, "wp_viewporter", 1, new id [unknown]@11)
[2693726,914] wl_registry@2.global(30, "zwp_virtual_keyboard_manager_v1", 1)
[2693726,926] wl_registry@2.global(31, "zwlr_virtual_pointer_manager_v1", 2)
[2693726,938] wl_registry@2.global(32, "zwlr_input_inhibit_manager_v1", 1)
[2693726,950] wl_registry@2.global(33, "zwp_keyboard_shortcuts_inhibit_manager_v1", 1)
[2693726,964] wl_registry@2.global(34, "wl_seat", 7)
[2693726,976]  -> wl_registry@2.bind(34, "wl_seat", 7, new id [unknown]@12)
[2693726,992]  -> wl_data_device_manager@7.get_data_device(new id wl_data_device@13, wl_seat@12)
[2693727,005]  -> wl_compositor@5.create_surface(new id wl_surface@14)
[2693727,022] wl_registry@2.global(35, "zwp_pointer_gestures_v1", 1)
[2693727,036] wl_registry@2.global(36, "wl_output", 3)
[2693727,048]  -> wl_registry@2.bind(36, "wl_output", 2, new id [unknown]@15)
[2693727,063] wl_callback@3.done(12872)
[2693727,106]  -> wl_shm@4.create_pool(new id wl_shm_pool@3, fd 8, 2304)
[2693727,275]  -> wl_shm_pool@3.resize(6912)
[2693727,341]  -> wl_shm_pool@3.resize(16128)
[2693727,447]  -> wl_shm_pool@3.resize(34560)
[2693728,040]  -> wl_shm_pool@3.resize(71424)
[2693728,093]  -> wl_shm_pool@3.resize(145152)
[2693728,567]  -> wl_shm_pool@3.resize(292608)
[2693729,788]  -> wl_shm_pool@3.resize(587520)
[2693740,867]  -> wl_compositor@5.create_surface(new id wl_surface@16)
[2693740,877]  -> xdg_wm_base@8.get_xdg_surface(new id xdg_surface@17, wl_surface@16)
[2693740,884]  -> xdg_surface@17.get_toplevel(new id xdg_toplevel@18)
[2693740,888]  -> wl_surface@16.commit()
[2693740,966]  -> xdg_toplevel@18.set_title("Wayland Terminal")
[2693766,320] wl_seat@12.name("seat0")
[2693766,341] wl_seat@12.capabilities(3)
[2693766,345]  -> wl_seat@12.get_pointer(new id wl_pointer@19)
[2693766,352]  -> wl_seat@12.get_keyboard(new id wl_keyboard@20)
[2693766,355] wl_output@15.geometry(0, 0, 290, 160, 0, "Unknown", "0x5B2D", 0)
[2693766,367] wl_output@15.mode(1, 1920, 1080, 60033)
[2693766,374] wl_output@15.scale(1)
[2693766,378] wl_output@15.done()
[2693766,381] xdg_wm_base@8.ping(12874)
[2693766,384]  -> xdg_wm_base@8.pong(12874)
[2693766,388] xdg_toplevel@18.configure(0, 0, array)
[2693766,394] xdg_surface@17.configure(12873)
[2693766,398]  -> xdg_surface@17.ack_configure(12873)
[2693766,404]  -> xdg_toplevel@18.set_title("Wayland Terminal")
[2693766,408]  -> wl_compositor@5.create_region(new id wl_region@21)
[2693766,595]  -> xdg_toplevel@18.set_title("Wayland Terminal")
[2693766,603]  -> wl_compositor@5.create_region(new id wl_region@22)
[2693766,607]  -> wl_region@22.add(32, 32, 742, 427)
[2693766,613]  -> wl_region@21.add(35, 35, 736, 421)
[2693766,882]  -> wl_shm@4.create_pool(new id wl_shm_pool@23, fd 9, 1582984)
[2693766,896]  -> wl_shm_pool@23.create_buffer(new id wl_buffer@24, 0, 806, 491, 3224, 0)
[2693766,906]  -> wl_surface@16.frame(new id wl_callback@25)
[2693785,409]  -> xdg_surface@17.set_window_geometry(32, 32, 742, 427)
[2693785,433]  -> wl_surface@16.set_opaque_region(wl_region@21)
[2693785,437]  -> wl_region@21.destroy()
[2693785,440]  -> wl_surface@16.set_input_region(wl_region@22)
[2693785,443]  -> wl_region@22.destroy()
[2693785,446]  -> wl_surface@16.attach(wl_buffer@24, 0, 0)
[2693785,452]  -> wl_surface@16.damage(0, 0, 806, 491)
[2693785,458]  -> wl_surface@16.commit()
Unknown parameter: ?2004
[2693785,486]  -> xdg_toplevel@18.set_title("wmww@wmwwXPS: ~")
[2693786,827] wl_display@1.delete_id(21)
[2693786,837] wl_display@1.delete_id(22)
[2693786,840] wl_display@1.delete_id(25)
[2693786,843] wl_keyboard@20.keymap(1, fd 8, 47346)
[2693792,047] wl_keyboard@20.repeat_info(25, 600)
[2693792,066] wl_buffer@24.release()
[2693792,071] wl_keyboard@20.enter(12881, wl_surface@16, array)
[2693792,080] wl_keyboard@20.modifiers(12882, 0, 0, 0, 0)
[2693792,128] wl_callback@25.done(4491141)
[2693792,132] xdg_toplevel@18.configure(1920, 1022, array)
[2693792,140] xdg_surface@17.configure(12878)
[2693792,145]  -> xdg_surface@17.ack_configure(12878)
[2693792,150]  -> xdg_toplevel@18.set_title("wmww@wmwwXPS: ~")
[2693792,155]  -> wl_compositor@5.create_region(new id wl_region@25)
[2693792,696]  -> xdg_toplevel@18.set_title("wmww@wmwwXPS: ~")
[2693792,702]  -> wl_compositor@5.create_region(new id wl_region@22)
[2693792,708]  -> wl_region@22.add(0, 0, 1920, 1022)
[2693792,717]  -> wl_region@25.add(0, 0, 1920, 1022)
[2693792,728]  -> wl_buffer@24.destroy()
[2693792,785]  -> wl_shm_pool@23.destroy()
[2693793,971]  -> wl_shm@4.create_pool(new id wl_shm_pool@21, fd 9, 7848960)
[2693794,011]  -> wl_shm_pool@21.create_buffer(new id wl_buffer@26, 0, 1920, 1022, 7680, 0)
[2693794,028]  -> wl_surface@16.frame(new id wl_callback@27)
[2693800,122]  -> xdg_surface@17.set_window_geometry(0, 0, 1920, 1022)
[2693800,141]  -> wl_surface@16.set_opaque_region(wl_region@25)
[2693800,145]  -> wl_region@25.destroy()
[2693800,148]  -> wl_surface@16.set_input_region(wl_region@22)
[2693800,151]  -> wl_region@22.destroy()
[2693800,153]  -> wl_surface@16.attach(wl_buffer@26, 0, 0)
[2693800,159]  -> wl_surface@16.damage(0, 0, 1920, 1022)
[2693800,165]  -> wl_surface@16.commit()
[2693800,185] wl_keyboard@20.key(12883, 4491152, 28, 0)
[2693800,202]  -> xdg_toplevel@18.set_title("wmww@wmwwXPS: ~")
[2693804,129] wl_display@1.delete_id(24)
[2693804,151] wl_display@1.delete_id(23)
[2693804,155] wl_display@1.delete_id(25)
[2693804,159] wl_display@1.delete_id(22)
[2693804,162] wl_buffer@26.release()
[2693804,166] wl_surface@16.enter(wl_output@15)
[2693804,171]  -> wl_surface@16.set_buffer_transform(0)
[2693804,176]  -> wl_surface@16.set_buffer_scale(1)
[2693804,180] wl_pointer@19.enter(12885, wl_surface@16, 499,597656, 543,597656)
[2693804,195]  -> wl_shm_pool@3.create_buffer(new id wl_buffer@22, 462720, 24, 24, 96, 0)
[2693804,206]  -> wl_surface@14.attach(wl_buffer@22, 0, 0)
[2693804,211]  -> wl_surface@14.damage(0, 0, 24, 24)
[2693804,218]  -> wl_surface@14.commit()
[2693804,220]  -> wl_pointer@19.set_cursor(12885, wl_surface@14, 11, 11)
[2693804,227] wl_pointer@19.frame()
[2693809,773] wl_display@1.delete_id(27)
[2693809,792] wl_callback@27.done(4491164)
[2693809,799]  -> wl_surface@16.frame(new id wl_callback@27)
[2693814,358]  -> wl_surface@16.attach(wl_buffer@26, 0, 0)
[2693814,381]  -> wl_surface@16.damage(0, 0, 1920, 1022)
[2693814,388]  -> wl_surface@16.commit()
[2693815,233] wl_buffer@26.release()
[2693826,454] wl_display@1.delete_id(27)
[2693826,473] wl_callback@27.done(4491181)
[2694190,330] wl_pointer@19.motion(4491544, 506,632812, 540,960938)
[2694190,423] wl_pointer@19.frame()
[2694197,349] wl_pointer@19.motion(4491551, 514,546875, 538,320312)
[2694197,425] wl_pointer@19.frame()
[2694203,684] wl_pointer@19.motion(4491558, 522,460938, 535,683594)
[2694203,742] wl_pointer@19.frame()
[2694210,891] wl_pointer@19.motion(4491565, 530,375000, 533,921875)
[2694210,957] wl_pointer@19.frame()
[2694218,083] wl_pointer@19.motion(4491572, 539,171875, 532,164062)
[2694218,143] wl_pointer@19.frame()
[2694225,653] wl_pointer@19.motion(4491580, 548,843750, 530,406250)
[2694225,740] wl_pointer@19.frame()
[2694232,115] wl_pointer@19.motion(4491586, 557,640625, 529,527344)
[2694232,176] wl_pointer@19.frame()
[2694239,265] wl_pointer@19.motion(4491593, 565,554688, 528,648438)
[2694239,325] wl_pointer@19.frame()
[2694246,414] wl_pointer@19.motion(4491601, 573,468750, 528,648438)
[2694246,474] wl_pointer@19.frame()
[2694253,533] wl_pointer@19.motion(4491608, 581,386719, 528,648438)
[2694253,594] wl_pointer@19.frame()
[2694260,663] wl_pointer@19.motion(4491615, 590,179688, 528,648438)
[2694260,731] wl_pointer@19.frame()
[2694267,634] wl_pointer@19.motion(4491622, 598,093750, 528,648438)
[2694267,695] wl_pointer@19.frame()
[2694274,764] wl_pointer@19.motion(4491629, 604,250000, 530,406250)
[2694274,824] wl_pointer@19.frame()
[2694282,297] wl_pointer@19.motion(4491636, 609,527344, 532,164062)
[2694282,381] wl_pointer@19.frame()
[2694289,173] wl_pointer@19.motion(4491643, 614,804688, 533,921875)
[2694289,233] wl_pointer@19.frame()
[2694296,172] wl_pointer@19.motion(4491650, 619,203125, 536,562500)
[2694296,232] wl_pointer@19.frame()
[2694303,169] wl_pointer@19.motion(4491657, 623,597656, 539,199219)
[2694303,229] wl_pointer@19.frame()
[2694310,241] wl_pointer@19.motion(4491664, 627,117188, 541,839844)
[2694310,326] wl_pointer@19.frame()
[2694317,535] wl_pointer@19.motion(4491672, 629,753906, 544,476562)
[2694317,610] wl_pointer@19.frame()
[2694324,394] wl_pointer@19.motion(4491679, 632,394531, 547,117188)
[2694324,453] wl_pointer@19.frame()
[2694331,609] wl_pointer@19.motion(4491686, 634,152344, 548,875000)
[2694331,668] wl_pointer@19.frame()
[2694338,542] wl_pointer@19.motion(4491693, 636,789062, 551,511719)
[2694338,603] wl_pointer@19.frame()
[2694345,722] wl_pointer@19.motion(4491700, 637,671875, 554,152344)
[2694345,782] wl_pointer@19.frame()
[2694353,661] wl_pointer@19.motion(4491708, 638,550781, 556,789062)
[2694353,742] wl_pointer@19.frame()
[2694359,983] wl_pointer@19.motion(4491714, 639,429688, 560,308594)
[2694360,043] wl_pointer@19.frame()
[2694367,030] wl_pointer@19.motion(4491721, 639,429688, 563,824219)
[2694367,090] wl_pointer@19.frame()
[2694374,196] wl_pointer@19.motion(4491728, 639,429688, 567,343750)
[2694374,256] wl_pointer@19.frame()
[2694381,562] wl_pointer@19.motion(4491736, 639,429688, 570,859375)
[2694381,642] wl_pointer@19.frame()
[2694388,438] wl_pointer@19.motion(4491743, 638,550781, 574,378906)
[2694388,498] wl_pointer@19.frame()
[2694395,538] wl_pointer@19.motion(4491750, 636,789062, 577,894531)
[2694395,599] wl_pointer@19.frame()
[2694402,580] wl_pointer@19.motion(4491757, 635,031250, 580,535156)
[2694402,641] wl_pointer@19.frame()
[2694409,608] wl_pointer@19.motion(4491764, 633,273438, 583,171875)
[2694409,669] wl_pointer@19.frame()
[2694416,726] wl_pointer@19.motion(4491771, 630,632812, 585,812500)
[2694416,786] wl_pointer@19.frame()
[2694423,872] wl_pointer@19.motion(4491778, 627,996094, 588,449219)
[2694423,932] wl_pointer@19.frame()
[2694431,096] wl_pointer@19.motion(4491785, 624,476562, 591,089844)
[2694431,173] wl_pointer@19.frame()
[2694438,067] wl_pointer@19.motion(4491792, 620,082031, 594,605469)
[2694438,127] wl_pointer@19.frame()
[2694445,101] wl_pointer@19.motion(4491799, 615,683594, 596,363281)
[2694445,161] wl_pointer@19.frame()
[2694452,337] wl_pointer@19.motion(4491807, 611,285156, 597,246094)
[2694452,398] wl_pointer@19.frame()
[2694459,322] wl_pointer@19.motion(4491814, 607,769531, 597,246094)
[2694459,382] wl_pointer@19.frame()
[2694466,479] wl_pointer@19.motion(4491821, 602,492188, 597,246094)
[2694466,539] wl_pointer@19.frame()
[2694473,628] wl_pointer@19.motion(4491828, 599,855469, 597,246094)
[2694473,688] wl_pointer@19.frame()
[2694480,883] wl_pointer@19.motion(4491835, 595,457031, 595,484375)
[2694480,962] wl_pointer@19.frame()
[2694487,831] wl_pointer@19.motion(4491842, 591,937500, 593,726562)
[2694487,891] wl_pointer@19.frame()
[2694495,831] wl_pointer@19.motion(4491850, 588,421875, 591,968750)
[2694495,890] wl_pointer@19.frame()
[2694501,966] wl_pointer@19.motion(4491856, 584,023438, 587,570312)
[2694502,026] wl_pointer@19.frame()
[2694509,760] wl_pointer@19.motion(4491864, 578,746094, 581,414062)
[2694509,839] wl_pointer@19.frame()
[2694516,357] wl_pointer@19.motion(4491871, 574,347656, 574,378906)
[2694516,417] wl_pointer@19.frame()
[2694523,326] wl_pointer@19.motion(4491878, 570,832031, 567,343750)
[2694523,386] wl_pointer@19.frame()
[2694530,654] wl_pointer@19.motion(4491885, 568,191406, 560,308594)
[2694530,732] wl_pointer@19.frame()
[2694537,595] wl_pointer@19.motion(4491892, 564,675781, 551,511719)
[2694537,672] wl_pointer@19.frame()
[2694544,612] wl_pointer@19.motion(4491899, 562,917969, 542,718750)
[2694544,673] wl_pointer@19.frame()
[2694551,738] wl_pointer@19.motion(4491906, 561,156250, 535,683594)
[2694551,798] wl_pointer@19.frame()
[2694558,875] wl_pointer@19.motion(4491913, 560,277344, 529,527344)
[2694558,934] wl_pointer@19.frame()
[2694565,945] wl_pointer@19.motion(4491920, 560,277344, 525,128906)
[2694566,005] wl_pointer@19.frame()
[2694573,462] wl_pointer@19.motion(4491928, 560,277344, 519,851562)
[2694573,542] wl_pointer@19.frame()
[2694580,588] wl_pointer@19.motion(4491935, 560,277344, 514,574219)
[2694580,667] wl_pointer@19.frame()
[2694587,118] wl_pointer@19.motion(4491941, 560,277344, 510,179688)
[2694587,177] wl_pointer@19.frame()
[2694594,157] wl_pointer@19.motion(4491948, 560,277344, 507,539062)
[2694594,218] wl_pointer@19.frame()
[2694601,646] wl_pointer@19.motion(4491956, 561,156250, 504,902344)
[2694601,705] wl_pointer@19.frame()
[2694609,344] wl_pointer@19.motion(4491963, 561,156250, 504,023438)
[2694609,422] wl_pointer@19.frame()
[2694615,607] wl_pointer@19.motion(4491970, 561,156250, 503,144531)
[2694615,668] wl_pointer@19.frame()
[2694622,601] wl_pointer@19.motion(4491977, 561,156250, 502,261719)
[2694622,661] wl_pointer@19.frame()
[2694630,332] wl_pointer@19.motion(4491984, 561,156250, 501,382812)
[2694630,412] wl_pointer@19.frame()
[2694645,137] wl_keyboard@20.key(12886, 4491999, 125, 1)
[2694645,214] wl_keyboard@20.modifiers(12887, 64, 0, 0, 0)
[2694766,783] xdg_toplevel@18.close()
[2694766,872]  -> xdg_toplevel@18.destroy()
[2694766,890]  -> xdg_surface@17.destroy()
[2694766,908]  -> wl_surface@16.destroy()
[2694766,927]  -> wl_buffer@26.destroy()
[2694767,648]  -> wl_shm_pool@21.destroy()

