[3261636.706]  -> wl_display@1.get_registry(new id wl_registry@2)
[3261636.743]  -> wl_display@1.sync(new id wl_callback@3)
[3261636.844] wl_display@1.delete_id(3)
[3261636.866] wl_registry@2.global(1, "wl_drm", 2)
[3261636.886] wl_registry@2.global(2, "wl_compositor", 3)
[3261636.903]  -> wl_registry@2.bind(2, "wl_compositor", 3, new id [unknown]@4)
[3261636.927] wl_registry@2.global(3, "wl_subcompositor", 1)
[3261636.941]  -> wl_registry@2.bind(3, "wl_subcompositor", 1, new id [unknown]@5)
[3261636.957] wl_registry@2.global(4, "wl_seat", 5)
[3261636.969] wl_registry@2.global(5, "wl_output", 2)
[3261636.980]  -> wl_registry@2.bind(5, "wl_output", 2, new id [unknown]@6)
[3261637.025]  -> wl_display@1.sync(new id wl_callback@7)
[3261637.034] wl_registry@2.global(6, "wl_data_device_manager", 3)
[3261637.045]  -> wl_registry@2.bind(6, "wl_data_device_manager", 3, new id [unknown]@8)
[3261637.061]  -> wl_registry@2.bind(4, "wl_seat", 5, new id [unknown]@9)
[3261638.949]  -> wl_compositor@4.create_surface(new id wl_surface@10)
[3261638.967]  -> wl_data_device_manager@8.get_data_device(new id wl_data_device@11, wl_seat@9)
[3261638.989]  -> wl_compositor@4.create_surface(new id wl_surface@12)
[3261639.050]  -> wl_display@1.sync(new id wl_callback@13)
[3261639.060] wl_registry@2.global(7, "wl_shell", 1)
[3261639.072] wl_registry@2.global(8, "zxdg_shell_v6", 1)
[3261639.084] wl_registry@2.global(9, "xdg_wm_base", 1)
[3261639.095] wl_registry@2.global(10, "zwlr_layer_shell_v1", 1)
[3261639.106] wl_registry@2.global(11, "wl_shm", 1)
[3261639.117]  -> wl_registry@2.bind(11, "wl_shm", 1, new id [unknown]@14)
[3261639.163]  -> wl_shm@14.create_pool(new id wl_shm_pool@15, fd 10, 2304)
[3261639.278]  -> wl_shm_pool@15.resize(6912)
[3261639.331]  -> wl_shm_pool@15.resize(16128)
[3261640.228]  -> wl_shm_pool@15.resize(34560)
[3261640.252]  -> wl_shm_pool@15.resize(71424)
[3261640.284]  -> wl_shm_pool@15.resize(145152)
[3261640.336]  -> wl_shm_pool@15.resize(292608)
[3261642.054]  -> wl_shm_pool@15.resize(587520)
[3261644.507]  -> wl_shm_pool@15.resize(1177344)
[3261654.471] wl_callback@3.done(35)
[3261654.637] wl_display@1.delete_id(7)
[3261654.645] wl_display@1.delete_id(13)
[3261654.651] wl_output@6.geometry(0, 0, 338, 246, 0, "Fake manufacturer", "Fake model", 0)
[3261654.691] wl_output@6.mode(3, 1280, 930, 60000)
[3261654.707] wl_output@6.scale(1)
[3261654.713] wl_output@6.done()
[3261654.724] wl_callback@7.done(35)
[3261654.730] wl_seat@9.capabilities(7)
[3261654.736]  -> wl_seat@9.get_pointer(new id wl_pointer@7)
[3261654.764]  -> wl_seat@9.get_keyboard(new id wl_keyboard@3)
[3261654.788]  -> wl_seat@9.get_touch(new id wl_touch@16)
[3261654.810] wl_seat@9.name("seat0")
[3261654.817] wl_callback@13.done(35)
[3261654.822] wl_shm@14.format(0)
[3261654.827] wl_shm@14.format(1)
[3261654.833]  -> wl_registry@2.bind(9, "xdg_wm_base", 1, new id [unknown]@13)
[3261680.034]  -> wl_display@1.get_registry(new id wl_registry@17)
[3261680.072]  -> wl_display@1.sync(new id wl_callback@18)
[3261682.746] wl_display@1.delete_id(18)
[3261682.766] wl_keyboard@3.keymap(1, fd 13, 48416)
[3261684.288] wl_keyboard@3.repeat_info(30, 200)
[3261684.305] wl_registry@17.global(1, "wl_drm", 2)
[3261684.317] wl_registry@17.global(2, "wl_compositor", 3)
[3261684.329] wl_registry@17.global(3, "wl_subcompositor", 1)
[3261684.339] wl_registry@17.global(4, "wl_seat", 5)
[3261684.350] wl_registry@17.global(5, "wl_output", 2)
[3261684.361] wl_registry@17.global(6, "wl_data_device_manager", 3)
[3261684.372] wl_registry@17.global(7, "wl_shell", 1)
[3261684.382] wl_registry@17.global(8, "zxdg_shell_v6", 1)
[3261684.393] wl_registry@17.global(9, "xdg_wm_base", 1)
[3261684.409]  -> wl_registry@17.bind(9, "xdg_wm_base", 1, new id [unknown]@19)
[3261684.426] wl_registry@17.global(10, "zwlr_layer_shell_v1", 1)
[3261684.437]  -> wl_registry@17.bind(10, "zwlr_layer_shell_v1", 1, new id [unknown]@20)
[3261684.452] wl_registry@17.global(11, "wl_shm", 1)
[3261684.463] wl_callback@18.done(35)
[3261711.930]  -> wl_compositor@4.create_surface(new id wl_surface@18)
[3261719.710]  -> zwlr_layer_shell_v1@20.get_layer_surface(new id zwlr_layer_surface_v1@21, wl_surface@18, nil, 1, "mate")
[3261719.754]  -> zwlr_layer_surface_v1@21.set_size(1280, 54)
[3261719.764]  -> zwlr_layer_surface_v1@21.set_keyboard_interactivity(1)
[3261719.769]  -> wl_surface@18.commit()
[3261719.774]  -> wl_display@1.sync(new id wl_callback@22)
[3261720.098] wl_display@1.delete_id(22)
[3261720.111] wl_callback@22.done(35)
[3261720.121]  -> zwlr_layer_surface_v1@21.set_anchor(1)
[3261720.128]  -> zwlr_layer_surface_v1@21.set_exclusive_zone(54)
[3261720.133]  -> wl_surface@18.commit()
[3261720.490]  -> wl_display@1.sync(new id wl_callback@22)
[3261720.648] wl_display@1.delete_id(22)
[3261720.660] wl_callback@22.done(35)
[3261737.055]  -> wl_shm@14.create_pool(new id wl_shm_pool@22, fd 15, 276480)
[3261737.085]  -> wl_shm_pool@22.create_buffer(new id wl_buffer@23, 0, 1280, 54, 5120, 0)
[3261737.359]  -> wl_surface@18.attach(wl_buffer@23, 0, 0)
[3261737.376]  -> wl_surface@18.set_buffer_scale(1)
[3261737.382]  -> wl_surface@18.damage(0, 0, 1280, 54)
[3261737.396]  -> wl_surface@18.set_input_region(nil)
[3261737.407]  -> wl_surface@18.frame(new id wl_callback@24)
[3261737.415]  -> wl_surface@18.commit()
[3261738.150] wl_display@1.delete_id(24)
[3261738.166] wl_keyboard@3.enter(36, wl_surface@18, array)
[3261738.181] wl_callback@24.done(0)
[3261740.399]  -> wl_shm@14.create_pool(new id wl_shm_pool@24, fd 15, 276480)
[3261740.429]  -> wl_shm_pool@24.create_buffer(new id wl_buffer@25, 0, 1280, 54, 5120, 0)
[3261785.152]  -> wl_surface@18.attach(wl_buffer@25, 0, 0)
[3261785.180]  -> wl_surface@18.set_buffer_scale(1)
[3261785.186]  -> wl_surface@18.damage(0, 0, 1280, 54)
[3261785.210]  -> wl_surface@18.frame(new id wl_callback@26)
[3261785.219]  -> wl_surface@18.commit()
[3261785.328]  -> wl_shm@14.create_pool(new id wl_shm_pool@27, fd 18, 276480)
[3261785.347]  -> wl_shm_pool@27.create_buffer(new id wl_buffer@28, 0, 1280, 54, 5120, 0)
[3261786.360] wl_display@1.delete_id(26)
[3261786.381] wl_buffer@23.release()
[3261786.388]  -> wl_buffer@23.destroy()
[3261786.393]  -> wl_shm_pool@22.destroy()
[3261786.409] wl_callback@26.done(0)
[3261787.028]  -> wl_surface@18.attach(wl_buffer@28, 0, 0)
[3261787.048]  -> wl_surface@18.set_buffer_scale(1)
[3261787.054]  -> wl_surface@18.damage(26, 0, 1228, 54)
[3261787.076]  -> wl_surface@18.frame(new id wl_callback@26)
[3261787.091]  -> wl_surface@18.commit()
[3261787.157]  -> wl_shm@14.create_pool(new id wl_shm_pool@29, fd 20, 276480)
[3261787.174]  -> wl_shm_pool@29.create_buffer(new id wl_buffer@30, 0, 1280, 54, 5120, 0)
[3261787.963] wl_display@1.delete_id(23)
[3261787.975] wl_display@1.delete_id(22)
[3261787.981] wl_display@1.delete_id(26)
[3261787.986] wl_buffer@25.release()
[3261787.991]  -> wl_buffer@25.destroy()
[3261787.996]  -> wl_shm_pool@24.destroy()
[3261788.012] wl_callback@26.done(0)
[3261788.566]  -> wl_surface@18.attach(wl_buffer@30, 0, 0)
[3261788.587]  -> wl_surface@18.set_buffer_scale(1)
[3261788.593]  -> wl_surface@18.damage(26, 0, 1228, 54)
[3261788.615]  -> wl_surface@18.frame(new id wl_callback@26)
[3261788.630]  -> wl_surface@18.commit()
[3261803.898] wl_display@1.delete_id(25)
[3261803.922] wl_display@1.delete_id(24)
[3261803.928] wl_display@1.delete_id(26)
[3261803.933] wl_buffer@28.release()
[3261803.941]  -> wl_buffer@28.destroy()
[3261803.946]  -> wl_shm_pool@27.destroy()
[3261803.965] wl_callback@26.done(0)
[3261922.583]  -> wl_shm@14.create_pool(new id wl_shm_pool@26, fd 20, 276480)
[3261922.709]  -> wl_shm_pool@26.create_buffer(new id wl_buffer@24, 0, 1280, 54, 5120, 0)
[3261924.557]  -> wl_surface@18.attach(wl_buffer@24, 0, 0)
[3261924.636]  -> wl_surface@18.set_buffer_scale(1)
[3261924.662]  -> wl_surface@18.damage(26, 0, 1228, 54)
[3261924.756]  -> wl_surface@18.frame(new id wl_callback@25)
[3261924.846]  -> wl_surface@18.commit()
[3261926.197] wl_display@1.delete_id(28)
[3261926.251] wl_display@1.delete_id(27)
[3261926.276] wl_display@1.delete_id(25)
[3261926.299] wl_buffer@30.release()
[3261926.320]  -> wl_buffer@30.destroy()
[3261926.339]  -> wl_shm_pool@29.destroy()
[3261926.416] wl_callback@25.done(0)
[3262040.965]  -> wl_shm@14.create_pool(new id wl_shm_pool@25, fd 20, 276480)
[3262041.176]  -> wl_shm_pool@25.create_buffer(new id wl_buffer@27, 0, 1280, 54, 5120, 0)
[3262041.921]  -> wl_surface@18.attach(wl_buffer@27, 0, 0)
[3262041.994]  -> wl_surface@18.set_buffer_scale(1)
[3262042.019]  -> wl_surface@18.damage(550, 1, 78, 52)
[3262042.111]  -> wl_surface@18.frame(new id wl_callback@28)
[3262042.332]  -> wl_surface@18.commit()
[3262043.600] wl_display@1.delete_id(30)
[3262043.654] wl_display@1.delete_id(29)
[3262043.678] wl_display@1.delete_id(28)
[3262043.701] wl_buffer@24.release()
[3262043.740]  -> wl_buffer@24.destroy()
[3262043.759]  -> wl_shm_pool@26.destroy()
[3262043.815] wl_callback@28.done(0)
[3262044.498]  -> wl_shm@14.create_pool(new id wl_shm_pool@28, fd 20, 276480)
[3262044.580]  -> wl_shm_pool@28.create_buffer(new id wl_buffer@29, 0, 1280, 54, 5120, 0)
[3262046.126]  -> wl_surface@18.attach(wl_buffer@29, 0, 0)
[3262046.208]  -> wl_surface@18.set_buffer_scale(1)
[3262046.258]  -> wl_surface@18.damage(26, 0, 1228, 54)
[3262046.349]  -> wl_surface@18.frame(new id wl_callback@30)
[3262046.407]  -> wl_surface@18.commit()
[3262056.923] wl_display@1.delete_id(24)
[3262056.982] wl_display@1.delete_id(26)
[3262057.006] wl_display@1.delete_id(30)
[3262057.029] wl_buffer@27.release()
[3262057.050]  -> wl_buffer@27.destroy()
[3262057.070]  -> wl_shm_pool@25.destroy()
[3262057.136] wl_callback@30.done(0)
[3262341.711]  -> wl_shm@14.create_pool(new id wl_shm_pool@30, fd 20, 276480)
[3262341.851]  -> wl_shm_pool@30.create_buffer(new id wl_buffer@26, 0, 1280, 54, 5120, 0)
[3262342.607]  -> wl_surface@18.attach(wl_buffer@26, 0, 0)
[3262342.684]  -> wl_surface@18.set_buffer_scale(1)
[3262342.712]  -> wl_surface@18.damage(550, 1, 78, 52)
[3262342.816]  -> wl_surface@18.frame(new id wl_callback@24)
[3262343.076]  -> wl_surface@18.commit()
[3262352.568] wl_display@1.delete_id(27)
[3262352.642] wl_display@1.delete_id(25)
[3262352.670] wl_display@1.delete_id(24)
[3262352.696] wl_buffer@29.release()
[3262352.723]  -> wl_buffer@29.destroy()
[3262352.745]  -> wl_shm_pool@28.destroy()
[3262352.816] wl_callback@24.done(0)
[3262642.393]  -> wl_shm@14.create_pool(new id wl_shm_pool@24, fd 20, 276480)
[3262642.532]  -> wl_shm_pool@24.create_buffer(new id wl_buffer@25, 0, 1280, 54, 5120, 0)
[3262643.203]  -> wl_surface@18.attach(wl_buffer@25, 0, 0)
[3262643.270]  -> wl_surface@18.set_buffer_scale(1)
[3262643.295]  -> wl_surface@18.damage(550, 1, 78, 52)
[3262643.385]  -> wl_surface@18.frame(new id wl_callback@27)
[3262643.605]  -> wl_surface@18.commit()
[3262644.978] wl_display@1.delete_id(29)
[3262645.049] wl_display@1.delete_id(28)
[3262645.074] wl_display@1.delete_id(27)
[3262645.096] wl_buffer@26.release()
[3262645.119]  -> wl_buffer@26.destroy()
[3262645.139]  -> wl_shm_pool@30.destroy()
[3262645.210] wl_callback@27.done(0)
[3262942.823]  -> wl_shm@14.create_pool(new id wl_shm_pool@27, fd 20, 276480)
[3262942.933]  -> wl_shm_pool@27.create_buffer(new id wl_buffer@28, 0, 1280, 54, 5120, 0)
[3262943.557]  -> wl_surface@18.attach(wl_buffer@28, 0, 0)
[3262943.621]  -> wl_surface@18.set_buffer_scale(1)
[3262943.646]  -> wl_surface@18.damage(550, 1, 78, 52)
[3262943.731]  -> wl_surface@18.frame(new id wl_callback@29)
[3262943.928]  -> wl_surface@18.commit()
[3262958.155] wl_display@1.delete_id(26)
[3262958.231] wl_display@1.delete_id(30)
[3262958.256] wl_display@1.delete_id(29)
[3262958.278] wl_buffer@25.release()
[3262958.302]  -> wl_buffer@25.destroy()
[3262958.321]  -> wl_shm_pool@24.destroy()
[3262958.388] wl_callback@29.done(0)
[3263030.292] wl_display@1.delete_id(25)
[3263030.359] wl_display@1.delete_id(24)
[3263030.384] wl_pointer@7.enter(37, wl_surface@18, 152.000000, 51.000000)
[3263030.457] wl_pointer@7.frame()
[3263030.587]  -> wl_shm_pool@15.create_buffer(new id wl_buffer@24, 1082880, 24, 24, 96, 0)
[3263030.688]  -> wl_pointer@7.set_cursor(37, wl_surface@12, 4, 4)
[3263030.749]  -> wl_surface@12.attach(wl_buffer@24, 0, 0)
[3263030.797]  -> wl_surface@12.set_buffer_scale(1)
[3263030.820]  -> wl_surface@12.damage(0, 0, 24, 24)
[3263030.904]  -> wl_surface@12.commit()
[3263032.362]  -> wl_shm@14.create_pool(new id wl_shm_pool@25, fd 20, 276480)
[3263032.450]  -> wl_shm_pool@25.create_buffer(new id wl_buffer@29, 0, 1280, 54, 5120, 0)
[3263032.991]  -> wl_surface@18.attach(wl_buffer@29, 0, 0)
[3263033.056]  -> wl_surface@18.set_buffer_scale(1)
[3263033.080]  -> wl_surface@18.damage(126, 0, 50, 54)
[3263033.160]  -> wl_surface@18.frame(new id wl_callback@30)
[3263033.352]  -> wl_surface@18.commit()
[3263044.429] wl_display@1.delete_id(30)
[3263044.521] wl_buffer@28.release()
[3263044.548]  -> wl_buffer@28.destroy()
[3263044.571]  -> wl_shm_pool@27.destroy()
[3263044.642] wl_callback@30.done(0)
[3263046.235]  -> wl_shm@14.create_pool(new id wl_shm_pool@30, fd 20, 276480)
[3263046.331]  -> wl_shm_pool@30.create_buffer(new id wl_buffer@26, 0, 1280, 54, 5120, 0)
[3263048.122]  -> wl_surface@18.attach(wl_buffer@26, 0, 0)
[3263048.201]  -> wl_surface@18.set_buffer_scale(1)
[3263048.226]  -> wl_surface@18.damage(26, 0, 1228, 54)
[3263048.319]  -> wl_surface@18.frame(new id wl_callback@22)
[3263048.379]  -> wl_surface@18.commit()
[3263048.478] wl_display@1.delete_id(28)
[3263048.510] wl_display@1.delete_id(27)
[3263048.515] wl_pointer@7.motion(33014013, 152.000000, 49.000000)
[3263048.529] wl_pointer@7.frame()
[3263061.464] wl_display@1.delete_id(22)
[3263061.512] wl_buffer@29.release()
[3263061.522]  -> wl_buffer@29.destroy()
[3263061.528]  -> wl_shm_pool@25.destroy()
[3263061.575] wl_callback@22.done(0)
[3263062.183]  -> wl_shm@14.create_pool(new id wl_shm_pool@22, fd 20, 276480)
[3263062.231]  -> wl_shm_pool@22.create_buffer(new id wl_buffer@27, 0, 1280, 54, 5120, 0)
[3263062.438]  -> wl_surface@18.attach(wl_buffer@27, 0, 0)
[3263062.457]  -> wl_surface@18.set_buffer_scale(1)
[3263062.463]  -> wl_surface@18.damage(126, 0, 50, 54)
[3263062.488]  -> wl_surface@18.frame(new id wl_callback@28)
[3263062.569]  -> wl_surface@18.commit()
[3263067.449] wl_display@1.delete_id(29)
[3263067.475] wl_display@1.delete_id(25)
[3263067.481] wl_pointer@7.motion(33014035, 152.000000, 47.000000)
[3263067.497] wl_pointer@7.frame()
[3263078.264] wl_display@1.delete_id(28)
[3263078.293] wl_buffer@26.release()
[3263078.302]  -> wl_buffer@26.destroy()
[3263078.307]  -> wl_shm_pool@30.destroy()
[3263078.338] wl_callback@28.done(0)
[3263078.562]  -> wl_shm@14.create_pool(new id wl_shm_pool@28, fd 20, 276480)
[3263078.584]  -> wl_shm_pool@28.create_buffer(new id wl_buffer@25, 0, 1280, 54, 5120, 0)
[3263078.768]  -> wl_surface@18.attach(wl_buffer@25, 0, 0)
[3263078.784]  -> wl_surface@18.set_buffer_scale(1)
[3263078.790]  -> wl_surface@18.damage(126, 0, 50, 54)
[3263078.810]  -> wl_surface@18.frame(new id wl_callback@29)
[3263078.870]  -> wl_surface@18.commit()
[3263080.181] wl_display@1.delete_id(26)
[3263080.201] wl_display@1.delete_id(30)
[3263080.207] wl_pointer@7.motion(33014048, 151.000000, 47.000000)
[3263080.223] wl_pointer@7.frame()
[3263095.910] wl_display@1.delete_id(29)
[3263095.945] wl_buffer@27.release()
[3263095.956]  -> wl_buffer@27.destroy()
[3263095.964]  -> wl_shm_pool@22.destroy()
[3263095.994] wl_callback@29.done(0)
[3263096.267]  -> wl_shm@14.create_pool(new id wl_shm_pool@29, fd 20, 276480)
[3263096.301]  -> wl_shm_pool@29.create_buffer(new id wl_buffer@30, 0, 1280, 54, 5120, 0)
[3263096.536]  -> wl_surface@18.attach(wl_buffer@30, 0, 0)
[3263096.562]  -> wl_surface@18.set_buffer_scale(1)
[3263096.571]  -> wl_surface@18.damage(126, 0, 50, 54)
[3263096.603]  -> wl_surface@18.frame(new id wl_callback@26)
[3263096.685]  -> wl_surface@18.commit()
[3263100.401] wl_display@1.delete_id(27)
[3263100.427] wl_display@1.delete_id(22)
[3263100.437] wl_pointer@7.motion(33014068, 151.000000, 46.000000)
[3263100.462] wl_pointer@7.frame()
[3263113.684] wl_display@1.delete_id(26)
[3263113.733] wl_buffer@25.release()
[3263113.749]  -> wl_buffer@25.destroy()
[3263113.761]  -> wl_shm_pool@28.destroy()
[3263113.808] wl_callback@26.done(0)
[3263114.200]  -> wl_shm@14.create_pool(new id wl_shm_pool@26, fd 20, 276480)
[3263114.254]  -> wl_shm_pool@26.create_buffer(new id wl_buffer@22, 0, 1280, 54, 5120, 0)
[3263114.619]  -> wl_surface@18.attach(wl_buffer@22, 0, 0)
[3263114.658]  -> wl_surface@18.set_buffer_scale(1)
[3263114.672]  -> wl_surface@18.damage(126, 0, 50, 54)
[3263114.720]  -> wl_surface@18.frame(new id wl_callback@27)
[3263114.859]  -> wl_surface@18.commit()
[3263130.767] wl_display@1.delete_id(25)
[3263130.840] wl_display@1.delete_id(28)
[3263130.864] wl_display@1.delete_id(27)
[3263130.887] wl_buffer@30.release()
[3263130.911]  -> wl_buffer@30.destroy()
[3263130.931]  -> wl_shm_pool@29.destroy()
[3263130.999] wl_callback@27.done(0)
[3263131.350]  -> wl_shm@14.create_pool(new id wl_shm_pool@27, fd 20, 276480)
[3263131.456]  -> wl_shm_pool@27.create_buffer(new id wl_buffer@28, 0, 1280, 54, 5120, 0)
[3263132.030]  -> wl_surface@18.attach(wl_buffer@28, 0, 0)
[3263132.094]  -> wl_surface@18.set_buffer_scale(1)
[3263132.132]  -> wl_surface@18.damage(126, 0, 50, 54)
[3263132.215]  -> wl_surface@18.frame(new id wl_callback@25)
[3263132.454]  -> wl_surface@18.commit()
[3263147.388] wl_display@1.delete_id(30)
[3263147.499] wl_display@1.delete_id(29)
[3263147.524] wl_display@1.delete_id(25)
[3263147.547] wl_buffer@22.release()
[3263147.571]  -> wl_buffer@22.destroy()
[3263147.591]  -> wl_shm_pool@26.destroy()
[3263147.662] wl_callback@25.done(0)
[3263174.375] wl_display@1.delete_id(22)
[3263174.456] wl_display@1.delete_id(26)
[3263174.482] wl_pointer@7.motion(33014083, 151.000000, 45.000000)
[3263174.563] wl_pointer@7.frame()
[3263174.647] wl_pointer@7.motion(33014104, 151.000000, 43.000000)
[3263174.707] wl_pointer@7.frame()
[3263217.157] wl_pointer@7.motion(33014157, 151.000000, 42.000000)
[3263217.270] wl_pointer@7.frame()
[3263243.037]  -> wl_shm@14.create_pool(new id wl_shm_pool@26, fd 20, 276480)
[3263243.149]  -> wl_shm_pool@26.create_buffer(new id wl_buffer@22, 0, 1280, 54, 5120, 0)
[3263243.850]  -> wl_surface@18.attach(wl_buffer@22, 0, 0)
[3263243.930]  -> wl_surface@18.set_buffer_scale(1)
[3263243.956]  -> wl_surface@18.damage(550, 1, 78, 52)
[3263244.051]  -> wl_surface@18.frame(new id wl_callback@25)
[3263244.286]  -> wl_surface@18.commit()
[3263245.734] wl_display@1.delete_id(25)
[3263245.793] wl_buffer@28.release()
[3263245.817]  -> wl_buffer@28.destroy()
[3263245.836]  -> wl_shm_pool@27.destroy()
[3263245.896] wl_callback@25.done(0)
[3263268.289] wl_display@1.delete_id(28)
[3263268.367] wl_display@1.delete_id(27)
[3263268.393] wl_pointer@7.motion(33014236, 151.000000, 41.000000)
[3263268.456] wl_pointer@7.frame()
[3263543.415]  -> wl_shm@14.create_pool(new id wl_shm_pool@27, fd 20, 276480)
[3263543.534]  -> wl_shm_pool@27.create_buffer(new id wl_buffer@28, 0, 1280, 54, 5120, 0)
[3263544.212]  -> wl_surface@18.attach(wl_buffer@28, 0, 0)
[3263544.281]  -> wl_surface@18.set_buffer_scale(1)
[3263544.307]  -> wl_surface@18.damage(550, 1, 78, 52)
[3263544.396]  -> wl_surface@18.frame(new id wl_callback@25)
[3263544.615]  -> wl_surface@18.commit()
[3263545.974] wl_display@1.delete_id(25)
[3263546.033] wl_buffer@22.release()
[3263546.057]  -> wl_buffer@22.destroy()
[3263546.076]  -> wl_shm_pool@26.destroy()
[3263546.140] wl_callback@25.done(0)
[3263770.482]  -> wl_compositor@4.create_surface(new id wl_surface@25)
[3263771.055]  -> xdg_wm_base@19.create_positioner(new id xdg_positioner@29)
[3263771.142]  -> xdg_positioner@29.set_anchor_rect(126, 0, 50, 54)
[3263771.214]  -> xdg_positioner@29.set_offset(0, 6)
[3263771.253]  -> xdg_positioner@29.set_anchor(2)
[3263771.279]  -> xdg_positioner@29.set_gravity(2)
[3263771.303]  -> xdg_positioner@29.set_constraint_adjustment(12)
[3263771.332]  -> xdg_positioner@29.set_size(44, 27)
[3263771.374]  -> xdg_wm_base@19.get_xdg_surface(new id xdg_surface@30, wl_surface@25)
[3263771.423]  -> xdg_surface@30.get_popup(new id xdg_popup@23, nil, xdg_positioner@29)
[3263771.516]  -> zwlr_layer_surface_v1@21.get_popup(xdg_popup@23)
[3263771.545]  -> wl_surface@25.commit()
[3263771.567]  -> wl_display@1.sync(new id wl_callback@31)
[3263772.586] wl_display@1.delete_id(22)
[3263772.647] wl_display@1.delete_id(26)
[3263772.674] wl_display@1.delete_id(31)
[3263772.725] wl_callback@31.done(37)
[3263772.753]  -> xdg_positioner@29.destroy()
[3263772.853] xdg_popup@23.configure(129, 54, 44, 27)
[3263772.972] xdg_surface@30.configure(38)
[3263773.004]  -> xdg_surface@30.ack_configure(38)
[3263773.183]  -> wl_shm@14.create_pool(new id wl_shm_pool@31, fd 20, 4752)
[3263773.269]  -> wl_shm_pool@31.create_buffer(new id wl_buffer@26, 0, 44, 27, 176, 0)
[3263773.820]  -> wl_surface@25.attach(wl_buffer@26, 0, 0)
[3263773.897]  -> wl_surface@25.set_buffer_scale(1)
[3263773.925]  -> wl_surface@25.damage(0, 0, 44, 27)
[3263773.993]  -> wl_compositor@4.create_region(new id wl_region@22)
[3263774.027]  -> wl_region@22.add(4, 0, 36, 4)
[3263774.094]  -> wl_region@22.add(0, 4, 44, 23)
[3263774.159]  -> wl_surface@25.set_opaque_region(wl_region@22)
[3263774.185]  -> wl_region@22.destroy()
[3263774.204]  -> wl_surface@25.set_input_region(nil)
[3263774.262]  -> wl_surface@25.frame(new id wl_callback@32)
[3263774.298]  -> wl_surface@25.commit()
[3263775.418] wl_display@1.delete_id(29)
[3263775.482] wl_display@1.delete_id(22)
[3263775.509] wl_display@1.delete_id(32)
[3263775.535] xdg_popup@23.configure(129, 54, 0, 0)
[3263775.636] xdg_surface@30.configure(39)
[3263775.667]  -> xdg_surface@30.ack_configure(39)
[3263775.695] wl_keyboard@3.enter(40, wl_surface@25, array)
[3263775.756] wl_callback@32.done(0)
[3263776.136]  -> wl_shm@14.create_pool(new id wl_shm_pool@32, fd 20, 4752)
[3263776.228]  -> wl_shm_pool@32.create_buffer(new id wl_buffer@22, 0, 44, 27, 176, 0)
[3263776.528]  -> wl_surface@25.attach(wl_buffer@22, 0, 0)
[3263776.602]  -> wl_surface@25.set_buffer_scale(1)
[3263776.629]  -> wl_surface@25.damage(0, 0, 44, 27)
[3263776.715]  -> wl_surface@25.frame(new id wl_callback@29)
[3263776.755]  -> wl_surface@25.commit()
[3263793.567] wl_display@1.delete_id(29)
[3263793.644] wl_buffer@26.release()
[3263793.673]  -> wl_buffer@26.destroy()
[3263793.699]  -> wl_shm_pool@31.destroy()
[3263793.759] wl_callback@29.done(0)
[3263844.193]  -> wl_shm@14.create_pool(new id wl_shm_pool@29, fd 20, 276480)
[3263844.326]  -> wl_shm_pool@29.create_buffer(new id wl_buffer@33, 0, 1280, 54, 5120, 0)
[3263845.108]  -> wl_surface@18.attach(wl_buffer@33, 0, 0)
[3263845.188]  -> wl_surface@18.set_buffer_scale(1)
[3263845.216]  -> wl_surface@18.damage(550, 1, 78, 52)
[3263845.316]  -> wl_surface@18.frame(new id wl_callback@34)
[3263845.562]  -> wl_surface@18.commit()
[3263847.062] wl_display@1.delete_id(26)
[3263847.124] wl_display@1.delete_id(31)
[3263847.152] wl_display@1.delete_id(34)
[3263847.177] wl_buffer@28.release()
[3263847.202]  -> wl_buffer@28.destroy()
[3263847.223]  -> wl_shm_pool@27.destroy()
[3263847.291] wl_callback@34.done(0)
[3264043.271]  -> wl_shm@14.create_pool(new id wl_shm_pool@34, fd 20, 276480)
[3264043.406]  -> wl_shm_pool@34.create_buffer(new id wl_buffer@31, 0, 1280, 54, 5120, 0)
[3264045.336]  -> wl_surface@18.attach(wl_buffer@31, 0, 0)
[3264045.426]  -> wl_surface@18.set_buffer_scale(1)
[3264045.455]  -> wl_surface@18.damage(26, 0, 1228, 54)
[3264045.560]  -> wl_surface@18.frame(new id wl_callback@26)
[3264045.630]  -> wl_surface@18.commit()
[3264047.105] wl_display@1.delete_id(28)
[3264047.167] wl_display@1.delete_id(27)
[3264047.195] wl_display@1.delete_id(26)
[3264047.220] wl_buffer@33.release()
[3264047.244]  -> wl_buffer@33.destroy()
[3264047.265]  -> wl_shm_pool@29.destroy()
[3264047.332] wl_callback@26.done(0)
[3264144.965]  -> wl_shm@14.create_pool(new id wl_shm_pool@26, fd 20, 276480)
[3264145.102]  -> wl_shm_pool@26.create_buffer(new id wl_buffer@27, 0, 1280, 54, 5120, 0)
[3264145.851]  -> wl_surface@18.attach(wl_buffer@27, 0, 0)
[3264145.928]  -> wl_surface@18.set_buffer_scale(1)
[3264145.957]  -> wl_surface@18.damage(550, 1, 78, 52)
[3264146.059]  -> wl_surface@18.frame(new id wl_callback@28)
[3264146.298]  -> wl_surface@18.commit()
[3264147.751] wl_display@1.delete_id(33)
[3264147.812] wl_display@1.delete_id(29)
[3264147.840] wl_display@1.delete_id(28)
[3264147.865] wl_buffer@31.release()
[3264147.889]  -> wl_buffer@31.destroy()
[3264147.911]  -> wl_shm_pool@34.destroy()
[3264148.001] wl_callback@28.done(0)
[3264225.510] wl_display@1.delete_id(31)
[3264225.589] wl_display@1.delete_id(34)
[3264225.618] wl_pointer@7.motion(33015193, 151.000000, 43.000000)
[3264225.687] wl_pointer@7.frame()
[3264226.388]  -> wl_shm@14.create_pool(new id wl_shm_pool@34, fd 20, 4752)
[3264226.485]  -> wl_shm_pool@34.create_buffer(new id wl_buffer@31, 0, 44, 27, 176, 0)
[3264226.793]  -> wl_surface@25.attach(wl_buffer@31, 0, 0)
[3264226.870]  -> wl_surface@25.set_buffer_scale(1)
[3264226.898]  -> wl_surface@25.damage(4, 4, 36, 19)
[3264226.982]  -> wl_surface@25.frame(new id wl_callback@28)
[3264227.067]  -> wl_surface@25.commit()
[3264227.991] wl_display@1.delete_id(28)
[3264228.053] wl_buffer@22.release()
[3264228.079]  -> wl_buffer@22.destroy()
[3264228.137]  -> wl_shm_pool@32.destroy()
[3264228.184] wl_callback@28.done(0)
[3264228.575]  -> wl_shm@14.create_pool(new id wl_shm_pool@28, fd 20, 4752)
[3264228.669]  -> wl_shm_pool@28.create_buffer(new id wl_buffer@29, 0, 44, 27, 176, 0)
[3264228.953]  -> wl_surface@25.attach(wl_buffer@29, 0, 0)
[3264229.027]  -> wl_surface@25.set_buffer_scale(1)
[3264229.054]  -> wl_surface@25.damage(4, 4, 36, 19)
[3264229.138]  -> wl_surface@25.frame(new id wl_callback@33)
[3264229.222]  -> wl_surface@25.commit()
[3264244.115] wl_display@1.delete_id(22)
[3264244.202] wl_display@1.delete_id(32)
[3264244.230] wl_display@1.delete_id(33)
[3264244.256] wl_buffer@31.release()
[3264244.285]  -> wl_buffer@31.destroy()
[3264244.316]  -> wl_shm_pool@34.destroy()
[3264244.374] wl_callback@33.done(0)
[3264244.970] wl_display@1.delete_id(31)
[3264245.037] wl_display@1.delete_id(34)
[3264245.066] wl_pointer@7.motion(33015208, 151.000000, 46.000000)
[3264245.135] wl_pointer@7.frame()
[3264245.818]  -> wl_shm@14.create_pool(new id wl_shm_pool@34, fd 20, 4752)
[3264245.915]  -> wl_shm_pool@34.create_buffer(new id wl_buffer@31, 0, 44, 27, 176, 0)
[3264246.215]  -> wl_surface@25.attach(wl_buffer@31, 0, 0)
[3264246.288]  -> wl_surface@25.set_buffer_scale(1)
[3264246.316]  -> wl_surface@25.damage(4, 4, 36, 19)
[3264246.399]  -> wl_surface@25.frame(new id wl_callback@33)
[3264246.483]  -> wl_surface@25.commit()
[3264261.783] wl_display@1.delete_id(33)
[3264261.863] wl_buffer@29.release()
[3264261.892]  -> wl_buffer@29.destroy()
[3264261.914]  -> wl_shm_pool@28.destroy()
[3264261.963] wl_callback@33.done(0)
[3264262.415]  -> wl_shm@14.create_pool(new id wl_shm_pool@33, fd 20, 4752)
[3264262.510]  -> wl_shm_pool@33.create_buffer(new id wl_buffer@32, 0, 44, 27, 176, 0)
[3264262.820]  -> wl_surface@25.attach(wl_buffer@32, 0, 0)
[3264262.894]  -> wl_surface@25.set_buffer_scale(1)
[3264262.922]  -> wl_surface@25.damage(4, 4, 36, 19)
[3264263.007]  -> wl_surface@25.frame(new id wl_callback@22)
[3264263.097]  -> wl_surface@25.commit()
[3264278.566] wl_display@1.delete_id(29)
[3264278.647] wl_display@1.delete_id(28)
[3264278.675] wl_display@1.delete_id(22)
[3264278.701] wl_buffer@31.release()
[3264278.732]  -> wl_buffer@31.destroy()
[3264278.763]  -> wl_shm_pool@34.destroy()
[3264278.821] wl_callback@22.done(0)
[3264279.893] wl_display@1.delete_id(31)
[3264279.960] wl_display@1.delete_id(34)
[3264279.988] wl_pointer@7.leave(41, wl_surface@18)
[3264280.040]  -> wl_pointer@7.set_cursor(37, wl_surface@12, 4, 4)
[3264280.112]  -> wl_surface@12.attach(wl_buffer@24, 0, 0)
[3264280.168]  -> wl_surface@12.set_buffer_scale(1)
[3264280.205]  -> wl_surface@12.damage(0, 0, 24, 24)
[3264280.289]  -> wl_surface@12.commit()
[3264280.312] wl_pointer@7.frame()
[3264280.356] wl_pointer@7.enter(42, wl_surface@25, 22.000000, 7.000000)
[3264280.433]  -> wl_pointer@7.set_cursor(42, wl_surface@12, 4, 4)
[3264280.501]  -> wl_surface@12.attach(wl_buffer@24, 0, 0)
[3264280.554]  -> wl_surface@12.set_buffer_scale(1)
[3264280.579]  -> wl_surface@12.damage(0, 0, 24, 24)
[3264280.645]  -> wl_surface@12.commit()
[3264280.663] wl_pointer@7.frame()
[3264280.979]  -> wl_surface@25.destroy()

** (mate-panel:9758): WARNING **: 13:34:01.260: unmap-event signal sent
[3264281.642]  -> xdg_surface@30.destroy()
[3264281.668]  -> xdg_popup@23.destroy()
[3264282.124]  -> wl_shm@14.create_pool(new id wl_shm_pool@34, fd 20, 276480)
[3264282.213]  -> wl_shm_pool@34.create_buffer(new id wl_buffer@31, 0, 1280, 54, 5120, 0)
[3264282.838]  -> wl_surface@18.attach(wl_buffer@31, 0, 0)
[3264282.911]  -> wl_surface@18.set_buffer_scale(1)
[3264282.939]  -> wl_surface@18.damage(126, 0, 50, 54)
[3264283.031]  -> wl_surface@18.frame(new id wl_callback@22)
[3264283.258]  -> wl_surface@18.commit()
[3264283.970] wl_display@1.delete_id(23)
[3264284.030] wl_display@1.delete_id(25)
[3264284.058] wl_display@1.delete_id(30)
[3264284.083] wl_display@1.error(wl_display@1, 0, "invalid object 23")
Gdk-Message: 13:34:01.262: Error 22 (Invalid argument) dispatching to Wayland display.
